The system is: Windows - 10.0.22621 - AMD64
Compiling the C compiler identification source file "CMakeCCompilerId.c" succeeded.
Compiler: C:/Program Files/Microsoft Visual Studio/2022/Community/VC/Tools/MSVC/14.36.32532/bin/Hostx86/x86/cl.exe 
Build flags: 
Id flags:  

The output was:
0
x86 için Microsoft (R) C/C++ İyileştirmeli Derleyicisi Sürüm 19.36.32532
Telif Hakkı (C) Microsoft Corporation. Tüm hakları saklıdır.

CMakeCCompilerId.c
Microsoft (R) Incremental Linker Version 14.36.32532.0
Copyright (C) Microsoft Corporation.  All rights reserved.

/out:CMakeCCompilerId.exe 
CMakeCCompilerId.obj 


Compilation of the C compiler identification source "CMakeCCompilerId.c" produced "CMakeCCompilerId.exe"

Compilation of the C compiler identification source "CMakeCCompilerId.c" produced "CMakeCCompilerId.obj"

The C compiler identification is MSVC, found in "C:/Users/h_has/CLionProjects/untitled4/cmake-build-debug/CMakeFiles/3.25.2/CompilerIdC/CMakeCCompilerId.exe"

Detecting C compiler ABI info compiled with the following output:
Change Dir: C:/Users/h_has/CLionProjects/untitled4/cmake-build-debug/CMakeFiles/CMakeScratch/TryCompile-5h9wq3

Run Build Command(s):C:/Program Files/JetBrains/CLion 2023.1/bin/ninja/win/x64/ninja.exe cmTC_ac259 && [1/2] Building C object CMakeFiles\cmTC_ac259.dir\CMakeCCompilerABI.c.obj
[2/2] Linking C executable cmTC_ac259.exe



